[0.101s] Invoking command in '/home/svaya/JTS_with_FTS/src/build/torq_predictor': CMAKE_PREFIX_PATH=${CMAKE_PREFIX_PATH}:/home/svaya/ros2_control/install/rqt_controller_manager:/home/svaya/ros2_control/install/ros2controlcli:/opt/ros/humble /usr/bin/cmake --build /home/svaya/JTS_with_FTS/src/build/torq_predictor -- -j10 -l10
[0.147s] [35m[1mConsolidate compiler generated dependencies of target torq_predictor[0m
[0.166s] [ 50%] [32mBuilding CXX object CMakeFiles/torq_predictor.dir/src/torq_predictor.cpp.o[0m
[2.827s] [100%] [32m[1mLinking CXX executable torq_predictor[0m
[2.919s] [100%] Built target torq_predictor
[2.930s] Invoked command in '/home/svaya/JTS_with_FTS/src/build/torq_predictor' returned '0': CMAKE_PREFIX_PATH=${CMAKE_PREFIX_PATH}:/home/svaya/ros2_control/install/rqt_controller_manager:/home/svaya/ros2_control/install/ros2controlcli:/opt/ros/humble /usr/bin/cmake --build /home/svaya/JTS_with_FTS/src/build/torq_predictor -- -j10 -l10
[2.969s] Invoking command in '/home/svaya/JTS_with_FTS/src/build/torq_predictor': CMAKE_PREFIX_PATH=${CMAKE_PREFIX_PATH}:/home/svaya/ros2_control/install/rqt_controller_manager:/home/svaya/ros2_control/install/ros2controlcli:/opt/ros/humble /usr/bin/cmake --install /home/svaya/JTS_with_FTS/src/build/torq_predictor
[2.978s] -- Install configuration: ""
[2.978s] -- Installing: /home/svaya/JTS_with_FTS/src/install/torq_predictor/lib/{PROJECT_NAME}/torq_predictor
[2.978s] -- Set runtime path of "/home/svaya/JTS_with_FTS/src/install/torq_predictor/lib/{PROJECT_NAME}/torq_predictor" to ""
[2.979s] -- Installing: /home/svaya/JTS_with_FTS/src/install/torq_predictor/share/ament_index/resource_index/package_run_dependencies/torq_predictor
[2.979s] -- Installing: /home/svaya/JTS_with_FTS/src/install/torq_predictor/share/ament_index/resource_index/parent_prefix_path/torq_predictor
[2.979s] -- Installing: /home/svaya/JTS_with_FTS/src/install/torq_predictor/share/torq_predictor/environment/ament_prefix_path.sh
[2.979s] -- Installing: /home/svaya/JTS_with_FTS/src/install/torq_predictor/share/torq_predictor/environment/ament_prefix_path.dsv
[2.979s] -- Installing: /home/svaya/JTS_with_FTS/src/install/torq_predictor/share/torq_predictor/environment/path.sh
[2.979s] -- Installing: /home/svaya/JTS_with_FTS/src/install/torq_predictor/share/torq_predictor/environment/path.dsv
[2.979s] -- Installing: /home/svaya/JTS_with_FTS/src/install/torq_predictor/share/torq_predictor/local_setup.bash
[2.980s] -- Installing: /home/svaya/JTS_with_FTS/src/install/torq_predictor/share/torq_predictor/local_setup.sh
[2.983s] -- Installing: /home/svaya/JTS_with_FTS/src/install/torq_predictor/share/torq_predictor/local_setup.zsh
[2.984s] -- Installing: /home/svaya/JTS_with_FTS/src/install/torq_predictor/share/torq_predictor/local_setup.dsv
[2.985s] -- Installing: /home/svaya/JTS_with_FTS/src/install/torq_predictor/share/torq_predictor/package.dsv
[2.985s] -- Installing: /home/svaya/JTS_with_FTS/src/install/torq_predictor/share/ament_index/resource_index/packages/torq_predictor
[2.986s] -- Installing: /home/svaya/JTS_with_FTS/src/install/torq_predictor/share/torq_predictor/cmake/torq_predictorConfig.cmake
[2.986s] -- Installing: /home/svaya/JTS_with_FTS/src/install/torq_predictor/share/torq_predictor/cmake/torq_predictorConfig-version.cmake
[2.987s] -- Installing: /home/svaya/JTS_with_FTS/src/install/torq_predictor/share/torq_predictor/package.xml
[2.994s] Invoked command in '/home/svaya/JTS_with_FTS/src/build/torq_predictor' returned '0': CMAKE_PREFIX_PATH=${CMAKE_PREFIX_PATH}:/home/svaya/ros2_control/install/rqt_controller_manager:/home/svaya/ros2_control/install/ros2controlcli:/opt/ros/humble /usr/bin/cmake --install /home/svaya/JTS_with_FTS/src/build/torq_predictor
