[0.801s] DEBUG:colcon:Command line arguments: ['/usr/bin/colcon', 'build', '--packages-select', 'torq_predictor']
[0.802s] DEBUG:colcon:Parsed command line arguments: Namespace(log_base=None, log_level=None, verb_name='build', build_base='build', install_base='install', merge_install=False, symlink_install=False, test_result_base=None, continue_on_error=False, executor='parallel', parallel_workers=10, event_handlers=None, ignore_user_meta=False, metas=['./colcon.meta'], base_paths=['.'], packages_ignore=None, packages_ignore_regex=None, paths=None, packages_up_to=None, packages_up_to_regex=None, packages_above=None, packages_above_and_dependencies=None, packages_above_depth=None, packages_select_by_dep=None, packages_skip_by_dep=None, packages_skip_up_to=None, packages_select_build_failed=False, packages_skip_build_finished=False, packages_select_test_failures=False, packages_skip_test_passed=False, packages_select=['torq_predictor'], packages_skip=None, packages_select_regex=None, packages_skip_regex=None, packages_start=None, packages_end=None, allow_overriding=[], cmake_args=None, cmake_target=None, cmake_target_skip_unavailable=False, cmake_clean_cache=False, cmake_clean_first=False, cmake_force_configure=False, ament_cmake_args=None, catkin_cmake_args=None, catkin_skip_building_tests=False, verb_parser=<colcon_defaults.argument_parser.defaults.DefaultArgumentsDecorator object at 0x7f85839b9030>, verb_extension=<colcon_core.verb.build.BuildVerb object at 0x7f8583975f90>, main=<bound method BuildVerb.main of <colcon_core.verb.build.BuildVerb object at 0x7f8583975f90>>)
[0.839s] Level 1:colcon.colcon_core.package_discovery:discover_packages(colcon_meta) check parameters
[0.839s] Level 1:colcon.colcon_core.package_discovery:discover_packages(recursive) check parameters
[0.839s] Level 1:colcon.colcon_core.package_discovery:discover_packages(ignore) check parameters
[0.839s] Level 1:colcon.colcon_core.package_discovery:discover_packages(path) check parameters
[0.839s] Level 1:colcon.colcon_core.package_discovery:discover_packages(colcon_meta) discover
[0.839s] Level 1:colcon.colcon_core.package_discovery:discover_packages(recursive) discover
[0.839s] INFO:colcon.colcon_core.package_discovery:Crawling recursively for packages in '/home/svaya/JTS_with_FTS/src'
[0.839s] Level 1:colcon.colcon_core.package_identification:_identify(.) by extensions ['ignore', 'ignore_ament_install']
[0.839s] Level 1:colcon.colcon_core.package_identification:_identify(.) by extension 'ignore'
[0.839s] Level 1:colcon.colcon_core.package_identification:_identify(.) by extension 'ignore_ament_install'
[0.839s] Level 1:colcon.colcon_core.package_identification:_identify(.) by extensions ['colcon_pkg']
[0.839s] Level 1:colcon.colcon_core.package_identification:_identify(.) by extension 'colcon_pkg'
[0.839s] Level 1:colcon.colcon_core.package_identification:_identify(.) by extensions ['colcon_meta']
[0.839s] Level 1:colcon.colcon_core.package_identification:_identify(.) by extension 'colcon_meta'
[0.839s] Level 1:colcon.colcon_core.package_identification:_identify(.) by extensions ['ros']
[0.839s] Level 1:colcon.colcon_core.package_identification:_identify(.) by extension 'ros'
[0.847s] Level 1:colcon.colcon_core.package_identification:_identify(.) by extensions ['cmake', 'python']
[0.847s] Level 1:colcon.colcon_core.package_identification:_identify(.) by extension 'cmake'
[0.847s] Level 1:colcon.colcon_core.package_identification:_identify(.) by extension 'python'
[0.848s] Level 1:colcon.colcon_core.package_identification:_identify(.) by extensions ['python_setup_py']
[0.848s] Level 1:colcon.colcon_core.package_identification:_identify(.) by extension 'python_setup_py'
[0.848s] Level 1:colcon.colcon_core.package_identification:_identify(build) by extensions ['ignore', 'ignore_ament_install']
[0.848s] Level 1:colcon.colcon_core.package_identification:_identify(build) by extension 'ignore'
[0.848s] Level 1:colcon.colcon_core.package_identification:_identify(build) ignored
[0.848s] Level 1:colcon.colcon_core.package_identification:_identify(embr) by extensions ['ignore', 'ignore_ament_install']
[0.848s] Level 1:colcon.colcon_core.package_identification:_identify(embr) by extension 'ignore'
[0.848s] Level 1:colcon.colcon_core.package_identification:_identify(embr) by extension 'ignore_ament_install'
[0.848s] Level 1:colcon.colcon_core.package_identification:_identify(embr) by extensions ['colcon_pkg']
[0.848s] Level 1:colcon.colcon_core.package_identification:_identify(embr) by extension 'colcon_pkg'
[0.848s] Level 1:colcon.colcon_core.package_identification:_identify(embr) by extensions ['colcon_meta']
[0.848s] Level 1:colcon.colcon_core.package_identification:_identify(embr) by extension 'colcon_meta'
[0.848s] Level 1:colcon.colcon_core.package_identification:_identify(embr) by extensions ['ros']
[0.848s] Level 1:colcon.colcon_core.package_identification:_identify(embr) by extension 'ros'
[0.850s] DEBUG:colcon.colcon_core.package_identification:Package 'embr' with type 'ros.ament_cmake' and name 'embr'
[0.850s] Level 1:colcon.colcon_core.package_identification:_identify(install) by extensions ['ignore', 'ignore_ament_install']
[0.850s] Level 1:colcon.colcon_core.package_identification:_identify(install) by extension 'ignore'
[0.850s] Level 1:colcon.colcon_core.package_identification:_identify(install) ignored
[0.851s] Level 1:colcon.colcon_core.package_identification:_identify(knexo_ethercat) by extensions ['ignore', 'ignore_ament_install']
[0.851s] Level 1:colcon.colcon_core.package_identification:_identify(knexo_ethercat) by extension 'ignore'
[0.851s] Level 1:colcon.colcon_core.package_identification:_identify(knexo_ethercat) by extension 'ignore_ament_install'
[0.851s] Level 1:colcon.colcon_core.package_identification:_identify(knexo_ethercat) by extensions ['colcon_pkg']
[0.851s] Level 1:colcon.colcon_core.package_identification:_identify(knexo_ethercat) by extension 'colcon_pkg'
[0.851s] Level 1:colcon.colcon_core.package_identification:_identify(knexo_ethercat) by extensions ['colcon_meta']
[0.851s] Level 1:colcon.colcon_core.package_identification:_identify(knexo_ethercat) by extension 'colcon_meta'
[0.851s] Level 1:colcon.colcon_core.package_identification:_identify(knexo_ethercat) by extensions ['ros']
[0.851s] Level 1:colcon.colcon_core.package_identification:_identify(knexo_ethercat) by extension 'ros'
[0.851s] DEBUG:colcon.colcon_core.package_identification:Package 'knexo_ethercat' with type 'ros.ament_cmake' and name 'knexo_ethercat'
[0.851s] Level 1:colcon.colcon_core.package_identification:_identify(log) by extensions ['ignore', 'ignore_ament_install']
[0.851s] Level 1:colcon.colcon_core.package_identification:_identify(log) by extension 'ignore'
[0.851s] Level 1:colcon.colcon_core.package_identification:_identify(log) ignored
[0.852s] Level 1:colcon.colcon_core.package_identification:_identify(svaya_control) by extensions ['ignore', 'ignore_ament_install']
[0.852s] Level 1:colcon.colcon_core.package_identification:_identify(svaya_control) by extension 'ignore'
[0.852s] Level 1:colcon.colcon_core.package_identification:_identify(svaya_control) by extension 'ignore_ament_install'
[0.852s] Level 1:colcon.colcon_core.package_identification:_identify(svaya_control) by extensions ['colcon_pkg']
[0.852s] Level 1:colcon.colcon_core.package_identification:_identify(svaya_control) by extension 'colcon_pkg'
[0.852s] Level 1:colcon.colcon_core.package_identification:_identify(svaya_control) by extensions ['colcon_meta']
[0.852s] Level 1:colcon.colcon_core.package_identification:_identify(svaya_control) by extension 'colcon_meta'
[0.852s] Level 1:colcon.colcon_core.package_identification:_identify(svaya_control) by extensions ['ros']
[0.852s] Level 1:colcon.colcon_core.package_identification:_identify(svaya_control) by extension 'ros'
[0.852s] DEBUG:colcon.colcon_core.package_identification:Package 'svaya_control' with type 'ros.ament_cmake' and name 'svaya_control'
[0.853s] Level 1:colcon.colcon_core.package_identification:_identify(svaya_description) by extensions ['ignore', 'ignore_ament_install']
[0.853s] Level 1:colcon.colcon_core.package_identification:_identify(svaya_description) by extension 'ignore'
[0.853s] Level 1:colcon.colcon_core.package_identification:_identify(svaya_description) by extension 'ignore_ament_install'
[0.853s] Level 1:colcon.colcon_core.package_identification:_identify(svaya_description) by extensions ['colcon_pkg']
[0.853s] Level 1:colcon.colcon_core.package_identification:_identify(svaya_description) by extension 'colcon_pkg'
[0.853s] Level 1:colcon.colcon_core.package_identification:_identify(svaya_description) by extensions ['colcon_meta']
[0.853s] Level 1:colcon.colcon_core.package_identification:_identify(svaya_description) by extension 'colcon_meta'
[0.853s] Level 1:colcon.colcon_core.package_identification:_identify(svaya_description) by extensions ['ros']
[0.853s] Level 1:colcon.colcon_core.package_identification:_identify(svaya_description) by extension 'ros'
[0.853s] DEBUG:colcon.colcon_core.package_identification:Package 'svaya_description' with type 'ros.ament_cmake' and name 'svaya_description'
[0.853s] Level 1:colcon.colcon_core.package_identification:_identify(svaya_hw) by extensions ['ignore', 'ignore_ament_install']
[0.853s] Level 1:colcon.colcon_core.package_identification:_identify(svaya_hw) by extension 'ignore'
[0.853s] Level 1:colcon.colcon_core.package_identification:_identify(svaya_hw) by extension 'ignore_ament_install'
[0.853s] Level 1:colcon.colcon_core.package_identification:_identify(svaya_hw) by extensions ['colcon_pkg']
[0.853s] Level 1:colcon.colcon_core.package_identification:_identify(svaya_hw) by extension 'colcon_pkg'
[0.854s] Level 1:colcon.colcon_core.package_identification:_identify(svaya_hw) by extensions ['colcon_meta']
[0.854s] Level 1:colcon.colcon_core.package_identification:_identify(svaya_hw) by extension 'colcon_meta'
[0.854s] Level 1:colcon.colcon_core.package_identification:_identify(svaya_hw) by extensions ['ros']
[0.854s] Level 1:colcon.colcon_core.package_identification:_identify(svaya_hw) by extension 'ros'
[0.854s] DEBUG:colcon.colcon_core.package_identification:Package 'svaya_hw' with type 'ros.ament_cmake' and name 'svaya_hw'
[0.854s] Level 1:colcon.colcon_core.package_identification:_identify(svaya_joint_state_reader) by extensions ['ignore', 'ignore_ament_install']
[0.854s] Level 1:colcon.colcon_core.package_identification:_identify(svaya_joint_state_reader) by extension 'ignore'
[0.854s] Level 1:colcon.colcon_core.package_identification:_identify(svaya_joint_state_reader) by extension 'ignore_ament_install'
[0.854s] Level 1:colcon.colcon_core.package_identification:_identify(svaya_joint_state_reader) by extensions ['colcon_pkg']
[0.855s] Level 1:colcon.colcon_core.package_identification:_identify(svaya_joint_state_reader) by extension 'colcon_pkg'
[0.855s] Level 1:colcon.colcon_core.package_identification:_identify(svaya_joint_state_reader) by extensions ['colcon_meta']
[0.855s] Level 1:colcon.colcon_core.package_identification:_identify(svaya_joint_state_reader) by extension 'colcon_meta'
[0.855s] Level 1:colcon.colcon_core.package_identification:_identify(svaya_joint_state_reader) by extensions ['ros']
[0.855s] Level 1:colcon.colcon_core.package_identification:_identify(svaya_joint_state_reader) by extension 'ros'
[0.855s] DEBUG:colcon.colcon_core.package_identification:Package 'svaya_joint_state_reader' with type 'ros.ament_cmake' and name 'svaya_joint_state_reader'
[0.855s] Level 1:colcon.colcon_core.package_identification:_identify(svaya_testing) by extensions ['ignore', 'ignore_ament_install']
[0.855s] Level 1:colcon.colcon_core.package_identification:_identify(svaya_testing) by extension 'ignore'
[0.855s] Level 1:colcon.colcon_core.package_identification:_identify(svaya_testing) by extension 'ignore_ament_install'
[0.855s] Level 1:colcon.colcon_core.package_identification:_identify(svaya_testing) by extensions ['colcon_pkg']
[0.855s] Level 1:colcon.colcon_core.package_identification:_identify(svaya_testing) by extension 'colcon_pkg'
[0.855s] Level 1:colcon.colcon_core.package_identification:_identify(svaya_testing) by extensions ['colcon_meta']
[0.855s] Level 1:colcon.colcon_core.package_identification:_identify(svaya_testing) by extension 'colcon_meta'
[0.855s] Level 1:colcon.colcon_core.package_identification:_identify(svaya_testing) by extensions ['ros']
[0.855s] Level 1:colcon.colcon_core.package_identification:_identify(svaya_testing) by extension 'ros'
[0.856s] DEBUG:colcon.colcon_core.package_identification:Package 'svaya_testing' with type 'ros.ament_cmake' and name 'svaya_testing'
[0.856s] Level 1:colcon.colcon_core.package_identification:_identify(svaya_trajectory_publisher) by extensions ['ignore', 'ignore_ament_install']
[0.856s] Level 1:colcon.colcon_core.package_identification:_identify(svaya_trajectory_publisher) by extension 'ignore'
[0.856s] Level 1:colcon.colcon_core.package_identification:_identify(svaya_trajectory_publisher) by extension 'ignore_ament_install'
[0.856s] Level 1:colcon.colcon_core.package_identification:_identify(svaya_trajectory_publisher) by extensions ['colcon_pkg']
[0.856s] Level 1:colcon.colcon_core.package_identification:_identify(svaya_trajectory_publisher) by extension 'colcon_pkg'
[0.856s] Level 1:colcon.colcon_core.package_identification:_identify(svaya_trajectory_publisher) by extensions ['colcon_meta']
[0.856s] Level 1:colcon.colcon_core.package_identification:_identify(svaya_trajectory_publisher) by extension 'colcon_meta'
[0.856s] Level 1:colcon.colcon_core.package_identification:_identify(svaya_trajectory_publisher) by extensions ['ros']
[0.856s] Level 1:colcon.colcon_core.package_identification:_identify(svaya_trajectory_publisher) by extension 'ros'
[0.857s] DEBUG:colcon.colcon_core.package_identification:Package 'svaya_trajectory_publisher' with type 'ros.ament_cmake' and name 'svaya_trajectory_publisher'
[0.857s] Level 1:colcon.colcon_core.package_identification:_identify(torq_predictor) by extensions ['ignore', 'ignore_ament_install']
[0.857s] Level 1:colcon.colcon_core.package_identification:_identify(torq_predictor) by extension 'ignore'
[0.857s] Level 1:colcon.colcon_core.package_identification:_identify(torq_predictor) by extension 'ignore_ament_install'
[0.857s] Level 1:colcon.colcon_core.package_identification:_identify(torq_predictor) by extensions ['colcon_pkg']
[0.857s] Level 1:colcon.colcon_core.package_identification:_identify(torq_predictor) by extension 'colcon_pkg'
[0.857s] Level 1:colcon.colcon_core.package_identification:_identify(torq_predictor) by extensions ['colcon_meta']
[0.857s] Level 1:colcon.colcon_core.package_identification:_identify(torq_predictor) by extension 'colcon_meta'
[0.857s] Level 1:colcon.colcon_core.package_identification:_identify(torq_predictor) by extensions ['ros']
[0.857s] Level 1:colcon.colcon_core.package_identification:_identify(torq_predictor) by extension 'ros'
[0.858s] DEBUG:colcon.colcon_core.package_identification:Package 'torq_predictor' with type 'ros.ament_cmake' and name 'torq_predictor'
[0.858s] Level 1:colcon.colcon_core.package_identification:_identify(util_nodes) by extensions ['ignore', 'ignore_ament_install']
[0.858s] Level 1:colcon.colcon_core.package_identification:_identify(util_nodes) by extension 'ignore'
[0.858s] Level 1:colcon.colcon_core.package_identification:_identify(util_nodes) by extension 'ignore_ament_install'
[0.858s] Level 1:colcon.colcon_core.package_identification:_identify(util_nodes) by extensions ['colcon_pkg']
[0.858s] Level 1:colcon.colcon_core.package_identification:_identify(util_nodes) by extension 'colcon_pkg'
[0.858s] Level 1:colcon.colcon_core.package_identification:_identify(util_nodes) by extensions ['colcon_meta']
[0.858s] Level 1:colcon.colcon_core.package_identification:_identify(util_nodes) by extension 'colcon_meta'
[0.858s] Level 1:colcon.colcon_core.package_identification:_identify(util_nodes) by extensions ['ros']
[0.858s] Level 1:colcon.colcon_core.package_identification:_identify(util_nodes) by extension 'ros'
[0.859s] DEBUG:colcon.colcon_core.package_identification:Package 'util_nodes' with type 'ros.ament_cmake' and name 'util_nodes'
[0.859s] Level 1:colcon.colcon_core.package_discovery:discover_packages(recursive) using defaults
[0.859s] Level 1:colcon.colcon_core.package_discovery:discover_packages(ignore) discover
[0.859s] Level 1:colcon.colcon_core.package_discovery:discover_packages(ignore) using defaults
[0.859s] Level 1:colcon.colcon_core.package_discovery:discover_packages(path) discover
[0.859s] Level 1:colcon.colcon_core.package_discovery:discover_packages(path) using defaults
[0.910s] INFO:colcon.colcon_core.package_selection:Skipping not selected package 'knexo_ethercat' in 'knexo_ethercat'
[0.910s] INFO:colcon.colcon_core.package_selection:Skipping not selected package 'svaya_description' in 'svaya_description'
[0.910s] INFO:colcon.colcon_core.package_selection:Skipping not selected package 'svaya_joint_state_reader' in 'svaya_joint_state_reader'
[0.910s] INFO:colcon.colcon_core.package_selection:Skipping not selected package 'util_nodes' in 'util_nodes'
[0.910s] INFO:colcon.colcon_core.package_selection:Skipping not selected package 'embr' in 'embr'
[0.910s] INFO:colcon.colcon_core.package_selection:Skipping not selected package 'svaya_hw' in 'svaya_hw'
[0.910s] INFO:colcon.colcon_core.package_selection:Skipping not selected package 'svaya_trajectory_publisher' in 'svaya_trajectory_publisher'
[0.910s] INFO:colcon.colcon_core.package_selection:Skipping not selected package 'svaya_control' in 'svaya_control'
[0.910s] INFO:colcon.colcon_core.package_selection:Skipping not selected package 'svaya_testing' in 'svaya_testing'
[0.933s] Level 1:colcon.colcon_core.package_discovery:discover_packages(prefix_path) check parameters
[0.933s] Level 1:colcon.colcon_core.package_discovery:discover_packages(prefix_path) discover
[0.957s] DEBUG:colcon.colcon_installed_package_information.package_discovery:Found 11 installed packages in /home/svaya/ros2_control/install
[0.970s] DEBUG:colcon.colcon_installed_package_information.package_discovery:Found 308 installed packages in /opt/ros/humble
[0.971s] Level 1:colcon.colcon_core.package_discovery:discover_packages(prefix_path) using defaults
[1.047s] Level 5:colcon.colcon_core.verb:set package 'torq_predictor' build argument 'cmake_args' from command line to 'None'
[1.047s] Level 5:colcon.colcon_core.verb:set package 'torq_predictor' build argument 'cmake_target' from command line to 'None'
[1.047s] Level 5:colcon.colcon_core.verb:set package 'torq_predictor' build argument 'cmake_target_skip_unavailable' from command line to 'False'
[1.047s] Level 5:colcon.colcon_core.verb:set package 'torq_predictor' build argument 'cmake_clean_cache' from command line to 'False'
[1.047s] Level 5:colcon.colcon_core.verb:set package 'torq_predictor' build argument 'cmake_clean_first' from command line to 'False'
[1.047s] Level 5:colcon.colcon_core.verb:set package 'torq_predictor' build argument 'cmake_force_configure' from command line to 'False'
[1.047s] Level 5:colcon.colcon_core.verb:set package 'torq_predictor' build argument 'ament_cmake_args' from command line to 'None'
[1.047s] Level 5:colcon.colcon_core.verb:set package 'torq_predictor' build argument 'catkin_cmake_args' from command line to 'None'
[1.047s] Level 5:colcon.colcon_core.verb:set package 'torq_predictor' build argument 'catkin_skip_building_tests' from command line to 'False'
[1.047s] DEBUG:colcon.colcon_core.verb:Building package 'torq_predictor' with the following arguments: {'ament_cmake_args': None, 'build_base': '/home/svaya/JTS_with_FTS/src/build/torq_predictor', 'catkin_cmake_args': None, 'catkin_skip_building_tests': False, 'cmake_args': None, 'cmake_clean_cache': False, 'cmake_clean_first': False, 'cmake_force_configure': False, 'cmake_target': None, 'cmake_target_skip_unavailable': False, 'install_base': '/home/svaya/JTS_with_FTS/src/install/torq_predictor', 'merge_install': False, 'path': '/home/svaya/JTS_with_FTS/src/torq_predictor', 'symlink_install': False, 'test_result_base': None}
[1.058s] INFO:colcon.colcon_core.executor:Executing jobs using 'parallel' executor
[1.071s] DEBUG:colcon.colcon_parallel_executor.executor.parallel:run_until_complete
[1.071s] INFO:colcon.colcon_ros.task.ament_cmake.build:Building ROS package in '/home/svaya/JTS_with_FTS/src/torq_predictor' with build type 'ament_cmake'
[1.071s] INFO:colcon.colcon_cmake.task.cmake.build:Building CMake package in '/home/svaya/JTS_with_FTS/src/torq_predictor'
[1.086s] INFO:colcon.colcon_core.plugin_system:Skipping extension 'colcon_core.shell.bat': Not used on non-Windows systems
[1.086s] INFO:colcon.colcon_core.shell:Skip shell extension 'powershell' for command environment: Not usable outside of PowerShell
[1.086s] DEBUG:colcon.colcon_core.shell:Skip shell extension 'dsv' for command environment
[1.132s] DEBUG:colcon.colcon_core.event_handler.log_command:Invoking command in '/home/svaya/JTS_with_FTS/src/build/torq_predictor': CMAKE_PREFIX_PATH=${CMAKE_PREFIX_PATH}:/home/svaya/ros2_control/install/rqt_controller_manager:/home/svaya/ros2_control/install/ros2controlcli:/opt/ros/humble /usr/bin/cmake --build /home/svaya/JTS_with_FTS/src/build/torq_predictor -- -j10 -l10
[1.927s] DEBUG:colcon.colcon_core.event_handler.log_command:Invoked command in '/home/svaya/JTS_with_FTS/src/build/torq_predictor' returned '2': CMAKE_PREFIX_PATH=${CMAKE_PREFIX_PATH}:/home/svaya/ros2_control/install/rqt_controller_manager:/home/svaya/ros2_control/install/ros2controlcli:/opt/ros/humble /usr/bin/cmake --build /home/svaya/JTS_with_FTS/src/build/torq_predictor -- -j10 -l10
[1.966s] Level 1:colcon.colcon_core.environment:create_environment_scripts_only(torq_predictor)
[1.980s] Level 1:colcon.colcon_core.environment:checking '/home/svaya/JTS_with_FTS/src/install/torq_predictor' for CMake module files
[1.980s] Level 1:colcon.colcon_core.environment:checking '/home/svaya/JTS_with_FTS/src/install/torq_predictor' for CMake config files
[1.980s] Level 1:colcon.colcon_core.environment:checking '/home/svaya/JTS_with_FTS/src/install/torq_predictor/bin'
[1.980s] Level 1:colcon.colcon_core.environment:checking '/home/svaya/JTS_with_FTS/src/install/torq_predictor/lib/pkgconfig/torq_predictor.pc'
[1.980s] Level 1:colcon.colcon_core.environment:checking '/home/svaya/JTS_with_FTS/src/install/torq_predictor/lib/python3.10/site-packages'
[1.981s] Level 1:colcon.colcon_core.environment:checking '/home/svaya/JTS_with_FTS/src/install/torq_predictor/bin'
[2.000s] INFO:colcon.colcon_core.shell:Creating package script '/home/svaya/JTS_with_FTS/src/install/torq_predictor/share/torq_predictor/package.ps1'
[2.001s] INFO:colcon.colcon_core.shell:Creating package descriptor '/home/svaya/JTS_with_FTS/src/install/torq_predictor/share/torq_predictor/package.dsv'
[2.002s] INFO:colcon.colcon_core.shell:Creating package script '/home/svaya/JTS_with_FTS/src/install/torq_predictor/share/torq_predictor/package.sh'
[2.002s] INFO:colcon.colcon_core.shell:Creating package script '/home/svaya/JTS_with_FTS/src/install/torq_predictor/share/torq_predictor/package.bash'
[2.003s] INFO:colcon.colcon_core.shell:Creating package script '/home/svaya/JTS_with_FTS/src/install/torq_predictor/share/torq_predictor/package.zsh'
[2.003s] Level 1:colcon.colcon_core.environment:create_file_with_runtime_dependencies(/home/svaya/JTS_with_FTS/src/install/torq_predictor/share/colcon-core/packages/torq_predictor)
[2.003s] DEBUG:colcon.colcon_parallel_executor.executor.parallel:closing loop
[2.004s] DEBUG:colcon.colcon_parallel_executor.executor.parallel:loop closed
[2.004s] DEBUG:colcon.colcon_parallel_executor.executor.parallel:run_until_complete finished with '2'
[2.004s] DEBUG:colcon.colcon_core.event_reactor:joining thread
[2.021s] INFO:colcon.colcon_core.plugin_system:Skipping extension 'colcon_notification.desktop_notification.terminal_notifier': Not used on non-Darwin systems
[2.021s] INFO:colcon.colcon_core.plugin_system:Skipping extension 'colcon_notification.desktop_notification.win32': Not used on non-Windows systems
[2.021s] INFO:colcon.colcon_notification.desktop_notification:Sending desktop notification using 'notify2'
[2.032s] DEBUG:colcon.colcon_core.event_reactor:joined thread
[2.045s] INFO:colcon.colcon_core.shell:Creating prefix script '/home/svaya/JTS_with_FTS/src/install/local_setup.ps1'
[2.046s] INFO:colcon.colcon_core.shell:Creating prefix util module '/home/svaya/JTS_with_FTS/src/install/_local_setup_util_ps1.py'
[2.047s] INFO:colcon.colcon_core.shell:Creating prefix chain script '/home/svaya/JTS_with_FTS/src/install/setup.ps1'
[2.060s] INFO:colcon.colcon_core.shell:Creating prefix script '/home/svaya/JTS_with_FTS/src/install/local_setup.sh'
[2.061s] INFO:colcon.colcon_core.shell:Creating prefix util module '/home/svaya/JTS_with_FTS/src/install/_local_setup_util_sh.py'
[2.061s] INFO:colcon.colcon_core.shell:Creating prefix chain script '/home/svaya/JTS_with_FTS/src/install/setup.sh'
[2.075s] INFO:colcon.colcon_core.shell:Creating prefix script '/home/svaya/JTS_with_FTS/src/install/local_setup.bash'
[2.075s] INFO:colcon.colcon_core.shell:Creating prefix chain script '/home/svaya/JTS_with_FTS/src/install/setup.bash'
[2.088s] INFO:colcon.colcon_core.shell:Creating prefix script '/home/svaya/JTS_with_FTS/src/install/local_setup.zsh'
[2.089s] INFO:colcon.colcon_core.shell:Creating prefix chain script '/home/svaya/JTS_with_FTS/src/install/setup.zsh'
